<?xml version="1.0" encoding="UTF-8"?>
<!-- Generated by org.testng.reporters.JUnitXMLReporter -->
<testsuite hostname="Dell" ignored="0" name="Test" tests="4" failures="0" timestamp="2020-01-27T22:36:30 IST" time="0.081" errors="0">
  <testcase name="BrowserAutomation" time="0.009" classname="Qaclickacademy.SeleniumTest"/>
  <testcase name="ElementsUI" time="0.001" classname="Qaclickacademy.SeleniumTest"/>
  <testcase name="deleteTwitter" time="0.001" classname="Qaclickacademy.RestAPITest"/>
  <testcase name="postJira" time="0.001" classname="Qaclickacademy.RestAPITest"/>
</testsuite> <!-- Test -->
