<?xml version="1.0" encoding="UTF-8"?>
<testng-results skipped="0" failed="0" ignored="0" total="4" passed="4">
  <reporter-output>
  </reporter-output>
  <suite name="Suite" duration-ms="81" started-at="2020-01-27T22:36:30 IST" finished-at="2020-01-27T22:36:30 IST">
    <groups>
    </groups>
    <test name="Test" duration-ms="81" started-at="2020-01-27T22:36:30 IST" finished-at="2020-01-27T22:36:30 IST">
      <class name="Qaclickacademy.RestAPITest">
        <test-method status="PASS" signature="deleteTwitter()[pri:0, instance:Qaclickacademy.RestAPITest@71423665]" name="deleteTwitter" duration-ms="1" started-at="2020-01-27T22:36:30 IST" finished-at="2020-01-27T22:36:30 IST">
          <reporter-output>
          </reporter-output>
        </test-method> <!-- deleteTwitter -->
        <test-method status="PASS" signature="postJira()[pri:0, instance:Qaclickacademy.RestAPITest@71423665]" name="postJira" duration-ms="1" started-at="2020-01-27T22:36:30 IST" finished-at="2020-01-27T22:36:30 IST">
          <reporter-output>
          </reporter-output>
        </test-method> <!-- postJira -->
      </class> <!-- Qaclickacademy.RestAPITest -->
      <class name="Qaclickacademy.SeleniumTest">
        <test-method status="PASS" signature="BrowserAutomation()[pri:0, instance:Qaclickacademy.SeleniumTest@2ac273d3]" name="BrowserAutomation" duration-ms="9" started-at="2020-01-27T22:36:30 IST" finished-at="2020-01-27T22:36:30 IST">
          <reporter-output>
          </reporter-output>
        </test-method> <!-- BrowserAutomation -->
        <test-method status="PASS" signature="ElementsUI()[pri:0, instance:Qaclickacademy.SeleniumTest@2ac273d3]" name="ElementsUI" duration-ms="1" started-at="2020-01-27T22:36:30 IST" finished-at="2020-01-27T22:36:30 IST">
          <reporter-output>
          </reporter-output>
        </test-method> <!-- ElementsUI -->
      </class> <!-- Qaclickacademy.SeleniumTest -->
    </test> <!-- Test -->
  </suite> <!-- Suite -->
</testng-results>
